[debug] [2025-07-02T19:56:28.466Z] ----------------------------------------------------------------------
[debug] [2025-07-02T19:56:28.469Z] Command:       C:\Program Files\nodejs\node.exe C:\Users\Ahmed Turky\AppData\Roaming\npm\node_modules\firebase-tools\lib\bin\firebase.js emulators:start
[debug] [2025-07-02T19:56:28.470Z] CLI Version:   14.9.0
[debug] [2025-07-02T19:56:28.470Z] Platform:      win32
[debug] [2025-07-02T19:56:28.470Z] Node Version:  v22.17.0
[debug] [2025-07-02T19:56:28.471Z] Time:          Wed Jul 02 2025 22:56:28 GMT+0300 (Eastern European Summer Time)
[debug] [2025-07-02T19:56:28.471Z] ----------------------------------------------------------------------
[debug] 
[debug] [2025-07-02T19:56:28.761Z] > command requires scopes: ["email","openid","https://www.googleapis.com/auth/cloudplatformprojects.readonly","https://www.googleapis.com/auth/firebase","https://www.googleapis.com/auth/cloud-platform"]
[debug] [2025-07-02T19:56:28.762Z] > authorizing via signed-in user (ahmedturky75@gmail.com)
[info] i  emulators: Starting emulators: hosting {"metadata":{"emulator":{"name":"hub"},"message":"Starting emulators: hosting"}}
[debug] [2025-07-02T19:56:28.773Z] [logging] Logging Emulator only supports listening on one address (127.0.0.1). Not listening on ::1
[debug] [2025-07-02T19:56:28.773Z] [hosting] Hosting Emulator only supports listening on one address (127.0.0.1). Not listening on ::1
[debug] [2025-07-02T19:56:28.774Z] assigned listening specs for emulators {"user":{"hub":[{"address":"127.0.0.1","family":"IPv4","port":4400},{"address":"::1","family":"IPv6","port":4400}],"logging":[{"address":"127.0.0.1","family":"IPv4","port":4500}],"hosting":[{"address":"127.0.0.1","family":"IPv4","port":5000}]},"metadata":{"message":"assigned listening specs for emulators"}}
[debug] [2025-07-02T19:56:28.779Z] [hub] writing locator at C:\Users\AHMEDT~1\AppData\Local\Temp\hub-litejsonformatter.json
[debug] [2025-07-02T19:56:28.796Z] Checked if tokens are valid: true, expires at: 1751489384971
[debug] [2025-07-02T19:56:28.796Z] Checked if tokens are valid: true, expires at: 1751489384971
[debug] [2025-07-02T19:56:28.797Z] >>> [apiv2][query] GET https://firebasehosting.googleapis.com/v1beta1/projects/litejsonformatter/sites 
[debug] [2025-07-02T19:56:30.241Z] <<< [apiv2][status] GET https://firebasehosting.googleapis.com/v1beta1/projects/litejsonformatter/sites 200
[debug] [2025-07-02T19:56:30.241Z] <<< [apiv2][body] GET https://firebasehosting.googleapis.com/v1beta1/projects/litejsonformatter/sites {"sites":[{"name":"projects/litejsonformatter/sites/litejsonformatter","defaultUrl":"https://litejsonformatter.web.app","appId":"1:73713082468:web:e80da60f7a35139a4abf71","type":"DEFAULT_SITE"}]}
[debug] [2025-07-02T19:56:30.242Z] Checked if tokens are valid: true, expires at: 1751489384971
[debug] [2025-07-02T19:56:30.242Z] Checked if tokens are valid: true, expires at: 1751489384971
[debug] [2025-07-02T19:56:30.242Z] >>> [apiv2][query] GET https://firebase.googleapis.com/v1beta1/projects/litejsonformatter/webApps/1:73713082468:web:e80da60f7a35139a4abf71/config [none]
[debug] [2025-07-02T19:56:30.856Z] <<< [apiv2][status] GET https://firebase.googleapis.com/v1beta1/projects/litejsonformatter/webApps/1:73713082468:web:e80da60f7a35139a4abf71/config 200
[debug] [2025-07-02T19:56:30.856Z] <<< [apiv2][body] GET https://firebase.googleapis.com/v1beta1/projects/litejsonformatter/webApps/1:73713082468:web:e80da60f7a35139a4abf71/config {"projectId":"litejsonformatter","appId":"1:73713082468:web:e80da60f7a35139a4abf71","storageBucket":"litejsonformatter.firebasestorage.app","apiKey":"AIzaSyBaFLsIM3fZy3jhc4oRgV2Dbi0RoKiGJtk","authDomain":"litejsonformatter.firebaseapp.com","messagingSenderId":"73713082468","measurementId":"G-R97PR681H0"}
[debug] [2025-07-02T19:56:30.863Z] Checked if tokens are valid: true, expires at: 1751489384971
[debug] [2025-07-02T19:56:30.864Z] Checked if tokens are valid: true, expires at: 1751489384971
[debug] [2025-07-02T19:56:30.864Z] >>> [apiv2][query] GET https://firebase.googleapis.com/v1beta1/projects/litejsonformatter [none]
[debug] [2025-07-02T19:56:31.120Z] <<< [apiv2][status] GET https://firebase.googleapis.com/v1beta1/projects/litejsonformatter 200
[debug] [2025-07-02T19:56:31.121Z] <<< [apiv2][body] GET https://firebase.googleapis.com/v1beta1/projects/litejsonformatter {"projectId":"litejsonformatter","projectNumber":"73713082468","displayName":"liteJsonFormatter","name":"projects/litejsonformatter","resources":{"hostingSite":"litejsonformatter"},"state":"ACTIVE","etag":"1_f8bba911-1d09-4052-96c8-aaab48d692a5"}
[info] i  hosting[litejsonformatter]: Serving hosting files from: dist/json-formatter/browser {"metadata":{"emulator":{"name":"hosting"},"message":"Serving hosting files from: \u001b[1mdist/json-formatter/browser\u001b[22m"}}
[info] +  hosting[litejsonformatter]: Local server: http://127.0.0.1:5000 {"metadata":{"emulator":{"name":"hosting"},"message":"Local server: \u001b[4m\u001b[1mhttp://127.0.0.1:5000\u001b[22m\u001b[24m"}}
[warn] !  emulators: The Emulator UI is not starting, either because none of the running emulators have a UI component or the Emulator UI cannot determine the Project ID. Pass the --project flag to specify a project. {"metadata":{"emulator":{"name":"hub"},"message":"The Emulator UI is not starting, either because none of the running emulators have a UI component or the Emulator UI cannot determine the Project ID. Pass the --project flag to specify a project."}}
[debug] [2025-07-02T19:56:31.169Z] Could not find VSCode notification endpoint: FetchError: request to http://localhost:40001/vscode/notify failed, reason: . If you are not running the Firebase Data Connect VSCode extension, this is expected and not an issue.
[info] 
┌─────────────────────────────────────────────────────────────┐
│ ✔  All emulators ready! It is now safe to connect your app. │
└─────────────────────────────────────────────────────────────┘

┌──────────┬────────────────┐
│ Emulator │ Host:Port      │
├──────────┼────────────────┤
│ Hosting  │ 127.0.0.1:5000 │
└──────────┴────────────────┘
  Emulator Hub host: 127.0.0.1 port: 4400
  Other reserved ports: 4500

Issues? Report them at https://github.com/firebase/firebase-tools/issues and attach the *-debug.log files.
 
